<?xml version="1.0" encoding="UTF-8"?>
<!-- Generated by org.testng.reporters.JUnitReportReporter -->
<testsuite hostname="DESKTOP-8718NVT" failures="0" tests="4" name="testcases.LoginPageTest" time="57.785" errors="0" timestamp="2022-08-23T20:20:47 EDT" skipped="0">
  <testcase classname="testcases.LoginPageTest" name="titleTest" time="13.078"/>
  <system-out/>
  <testcase classname="testcases.LoginPageTest" name="LogoTest" time="17.660"/>
  <system-out/>
  <testcase classname="testcases.LoginPageTest" name="loginTest" time="13.991"/>
  <system-out/>
  <testcase classname="testcases.LoginPageTest" name="errorMessage" time="13.056"/>
  <system-out/>
</testsuite> <!-- testcases.LoginPageTest -->
